<?xml version="1.0" encoding="UTF-8"?>
<!-- Generated by org.testng.reporters.JUnitReportReporter -->
<testsuite hostname="DESKTOP-OCOSKBL" failures="0" tests="2" name="tests.LoginTest" time="31.686" errors="0" timestamp="2024-10-03T20:06:15 AFT" skipped="0">
  <testcase classname="tests.LoginTest" name="login" time="16.887"/>
  <testcase classname="tests.LoginTest" name="login" time="14.799"/>
</testsuite> <!-- tests.LoginTest -->
