<?xml version="1.0" encoding="UTF-8"?>
<!-- Generated by org.testng.reporters.JUnitReportReporter -->
<testsuite hostname="DESKTOP-OCOSKBL" failures="0" tests="1" name="runner.Runner" time="24.550" errors="0" timestamp="2024-10-03T20:03:59 AFT" skipped="0">
  <testcase classname="runner.Runner" name="runScenario" time="24.550"/>
</testsuite> <!-- runner.Runner -->
